生成启动时间为 10/10/2015 12:03:08 AM。
     1>项目“C:\Users\Cakin Kwong\Documents\Visual Studio 2015\Projects\RayTracer\RayTracer\RayTracer.vcxproj”在节点 2 上(Build 个目标)。
     1>ClCompile:
         I:\Microsoft Visual Studio 14.0\VC\bin\CL.exe /c /I"C:\Users\Cakin Kwong\Documents\Visual Studio 2015\Projects\RayTracer\packages\freeimage.3.16.0\build\native\../..//build/native/include/" /Zi /nologo /W3 /WX- /sdl /O2 /Oi /Oy- /GL /D _MBCS /Gm- /EHsc /MD /GS /Gy /fp:precise /Zc:wchar_t /Zc:forScope /Zc:inline /Fo"Release\\" /Fd"Release\vc140.pdb" /Gd /TP /analyze- /errorReport:prompt main.cpp
         main.cpp
       Link:
         I:\Microsoft Visual Studio 14.0\VC\bin\link.exe /ERRORREPORT:PROMPT /OUT:"C:\Users\Cakin Kwong\Documents\Visual Studio 2015\Projects\RayTracer\Release\RayTracer.exe" /NOLOGO "C:\Users\Cakin Kwong\Documents\Visual Studio 2015\Projects\RayTracer\packages\freeimage.3.16.0\build\native\../..//build/native/lib/Win32\dynamic\FreeImage.lib" kernel32.lib user32.lib gdi32.lib winspool.lib comdlg32.lib advapi32.lib shell32.lib ole32.lib oleaut32.lib uuid.lib odbc32.lib odbccp32.lib /MANIFEST /MANIFESTUAC:"level='asInvoker' uiAccess='false'" /manifest:embed /Debug /PDB:"C:\Users\Cakin Kwong\Documents\Visual Studio 2015\Projects\RayTracer\Release\RayTracer.pdb" /OPT:REF /OPT:ICF /LTCG:incremental /TLBID:1 /DYNAMICBASE /NXCOMPAT /IMPLIB:"C:\Users\Cakin Kwong\Documents\Visual Studio 2015\Projects\RayTracer\Release\RayTracer.lib" /MACHINE:X86 /SAFESEH Release\Camera.obj
         Release\Film.obj
         Release\Geometry.obj
         Release\Lights.obj
         Release\LocalGeo.obj
         Release\main.obj
         Release\Ray.obj
         Release\Readfile.obj
         Release\Transform.obj
         正在生成代码
         2 of 774 functions ( 0.3%) were compiled, the rest were copied from previous compilation.
           0 functions were new in current compilation
           0 functions had inline decision re-evaluated but remain unchanged
         已完成代码的生成
         RayTracer.vcxproj -> C:\Users\Cakin Kwong\Documents\Visual Studio 2015\Projects\RayTracer\Release\RayTracer.exe
     1>已完成生成项目“C:\Users\Cakin Kwong\Documents\Visual Studio 2015\Projects\RayTracer\RayTracer\RayTracer.vcxproj”(Build 个目标)的操作。

已成功生成。

已用时间 00:00:03.81
